Arguments: 
  C:\Program Files\nodejs\node.exe C:\Users\rober\AppData\Roaming\npm\node_modules\yarn\bin\yarn.js add cookie-parser debug ejs express http-errors morgan

PATH: 
  C:\Program Files\Microsoft\jdk-11.0.12.7-hotspot\bin;C:\Program Files\Common Files\Oracle\Java\javapath;C:\Program Files (x86)\Common Files\Oracle\Java\javapath;C:\ProgramData\Oracle\Java\javapath;C:\Program Files\Python38\Scripts\;C:\Program Files\Python38\;C:\Windows\system32;C:\Windows;C:\Windows\System32\Wbem;C:\Windows\System32\WindowsPowerShell\v1.0\;C:\Windows\System32\OpenSSH\;C:\Program Files\Microsoft SQL Server\150\Tools\Binn\;C:\Program Files\Microsoft SQL Server\130\Tools\Binn\;C:\Program Files\Microsoft SQL Server\Client SDK\ODBC\170\Tools\Binn\;C:\Program Files\PuTTY\;C:\WINDOWS\system32;C:\WINDOWS;C:\WINDOWS\System32\Wbem;C:\WINDOWS\System32\WindowsPowerShell\v1.0\;C:\WINDOWS\System32\OpenSSH\;C:\Program Files\Git\cmd;C:\Program Files\nodejs\;C:\Program Files (x86)\Microsoft SQL Server\150\DTS\Binn\;C:\Program Files\Azure Data Studio\bin;C:\Program Files (x86)\Microsoft SQL Server\150\Tools\Binn\;C:\Program Files\Microsoft SQL Server\150\DTS\Binn\;C:\Program Files\dotnet\;C:\Users\rober\AppData\Local\Programs\Python\Python310\Scripts\;C:\Users\rober\AppData\Local\Programs\Python\Python310\;C:\Users\rober\AppData\Local\Microsoft\WindowsApps;;C:\Users\rober\AppData\Local\Programs\Microsoft VS Code\bin;C:\Program Files\JetBrains\WebStorm 2022.3.1\bin;;C:\Users\rober\AppData\Roaming\npm;C:\Program Files\JetBrains\IntelliJ IDEA 2022.3.1\bin;;C:\Program Files\Azure Data Studio\bin;C:\Users\rober\.dotnet\tools

Yarn version: 
  1.22.19

Node version: 
  18.13.0

Platform: 
  win32 x64

Trace: 
  Error: EPERM: operation not permitted, rmdir 'C:\Users\rober\My Drive\School\Computer Programming\Semester 4\WEBD6201\ICEs\temp1\node_modules\.bin'

npm manifest: 
  {
    "name": "week12-1",
    "version": "1.0.0",
    "main": "server.js",
    "repository": "https://github.com/RobertSavoie/WEBD-6201-ICEs.git",
    "author": "Robert Savoie <robert.savoie1@dcmail.ca>",
    "scripts": {
      "start": "node server.js"
    },
    "license": "MIT",
    "dependencies": {
      "@fortawesome/fontawesome-free": "^6.2.1",
      "@popperjs/core": "^2.11.6",
      "@types/ejs": "^3.1.2",
      "bootstrap": "^5.2.3",
      "ejs": "^3.1.9",
      "express": "^4.18.2",
      "jquery": "^3.6.3",
      "typescript": "^4.9.5",
      "cookie-parser": "~1.4.4",
      "debug": "~2.6.9",
      "http-errors": "~1.6.3",
      "morgan": "~1.9.1"
    },
    "devDependencies": {
      "@types/express": "^4.17.17",
      "@types/jquery": "^3.5.16",
      "@types/node": "^18.15.5"
    }
  }

yarn manifest: 
  No manifest

Lockfile: 
  No lockfile
